#
# There is insufficient memory for the Java Runtime Environment to continue.
# Native memory allocation (malloc) failed to allocate 1605136 bytes. Error detail: Chunk::new
# Possible reasons:
#   The system is out of physical RAM or swap space
#   This process is running with CompressedOops enabled, and the Java Heap may be blocking the growth of the native heap
# Possible solutions:
#   Reduce memory load on the system
#   Increase physical memory or swap space
#   Check if swap backing store is full
#   Decrease Java heap size (-Xmx/-Xms)
#   Decrease number of Java threads
#   Decrease Java thread stack sizes (-Xss)
#   Set larger code cache with -XX:ReservedCodeCacheSize=
#   JVM is running with Unscaled Compressed Oops mode in which the Java heap is
#     placed in the first 4GB address space. The Java Heap base address is the
#     maximum limit for the native heap growth. Please use -XX:HeapBaseMinAddress
#     to set the Java Heap base and to place the Java Heap above 4GB virtual address.
# This output file may be truncated or incomplete.
#
#  Out of Memory Error (arena.cpp:168), pid=36936, tid=42380
#
# JRE version: OpenJDK Runtime Environment (21.0.6) (build 21.0.6+-13391695-b895.109)
# Java VM: OpenJDK 64-Bit Server VM (21.0.6+-13391695-b895.109, mixed mode, tiered, compressed oops, compressed class ptrs, g1 gc, windows-amd64)
# No core dump will be written. Minidumps are not enabled by default on client versions of Windows
#

---------------  S U M M A R Y ------------

Command Line: --add-opens=java.base/java.lang=ALL-UNNAMED --add-opens=java.base/java.lang.invoke=ALL-UNNAMED --add-opens=java.base/java.util=ALL-UNNAMED --add-opens=java.prefs/java.util.prefs=ALL-UNNAMED --add-exports=jdk.compiler/com.sun.tools.javac.api=ALL-UNNAMED --add-exports=jdk.compiler/com.sun.tools.javac.util=ALL-UNNAMED --add-opens=java.base/java.util=ALL-UNNAMED --add-opens=java.prefs/java.util.prefs=ALL-UNNAMED --add-opens=java.base/java.nio.charset=ALL-UNNAMED --add-opens=java.base/java.net=ALL-UNNAMED --add-opens=java.base/java.util.concurrent.atomic=ALL-UNNAMED --add-opens=java.xml/javax.xml.namespace=ALL-UNNAMED -XX:MaxMetaspaceSize=1G -XX:ReservedCodeCacheSize=256m -XX:+HeapDumpOnOutOfMemoryError -Xmx2G -Dfile.encoding=UTF-8 -Duser.country=US -Duser.language=en -Duser.variant -javaagent:C:\Users\imaar\.gradle\wrapper\dists\gradle-8.12-all\ejduaidbjup3bmmkhw3rie4zb\gradle-8.12\lib\agents\gradle-instrumentation-agent-8.12.jar org.gradle.launcher.daemon.bootstrap.GradleDaemon 8.12

Host: Intel(R) Core(TM) i7-1065G7 CPU @ 1.30GHz, 8 cores, 15G,  Windows 11 , 64 bit Build 26100 (10.0.26100.6725)
Time: Tue Oct 21 20:07:54 2025 Eastern Daylight Time elapsed time: 42.646363 seconds (0d 0h 0m 42s)

---------------  T H R E A D  ---------------

Current thread (0x000002e9ff8ebec0):  JavaThread "C2 CompilerThread1" daemon [_thread_in_native, id=42380, stack(0x000000ec47000000,0x000000ec47100000) (1024K)]


Current CompileTask:
C2:42646 7927 %     4       org.gradle.internal.instantiation.generator.AbstractClassGenerator::inspectType @ 107 (560 bytes)

Stack: [0x000000ec47000000,0x000000ec47100000]
Native frames: (J=compiled Java code, j=interpreted, Vv=VM code, C=native code)
V  [jvm.dll+0x6d0639]
V  [jvm.dll+0x85eb03]
V  [jvm.dll+0x86105e]
V  [jvm.dll+0x861743]
V  [jvm.dll+0x27e6e6]
V  [jvm.dll+0xbff6d]
V  [jvm.dll+0xc04a3]
V  [jvm.dll+0x3b6171]
V  [jvm.dll+0x3820c7]
V  [jvm.dll+0x38153a]
V  [jvm.dll+0x247c82]
V  [jvm.dll+0x247251]
V  [jvm.dll+0x1c5f04]
V  [jvm.dll+0x2569ac]
V  [jvm.dll+0x254ef6]
V  [jvm.dll+0x3f0e96]
V  [jvm.dll+0x806ed8]
V  [jvm.dll+0x6cef0d]
C  [ucrtbase.dll+0x37b0]
C  [KERNEL32.DLL+0x2e8d7]
C  [ntdll.dll+0x8c53c]


---------------  P R O C E S S  ---------------

Threads class SMR info:
_java_thread_list=0x000002e9df67cce0, length=58, elements={
0x000002e9df5c5640, 0x000002e9f7dc30e0, 0x000002e9f7dc86c0, 0x000002e9f7dd43d0,
0x000002e9f7dd4e20, 0x000002e9f7dded60, 0x000002e9f7ddff30, 0x000002e9f7de0cb0,
0x000002e9f7deae30, 0x000002e9f7e5b620, 0x000002e9f821a9c0, 0x000002e9fdf06bb0,
0x000002e9f83198c0, 0x000002e9fe0af130, 0x000002e9fe38f7f0, 0x000002e9fe1ee630,
0x000002e9fe3dfb00, 0x000002e9fe3cc9f0, 0x000002e9fe1549e0, 0x000002e9fe1a6dd0,
0x000002e9fe1a5a20, 0x000002e9fe1a4d00, 0x000002e9fe1a5390, 0x000002e9fe1a60b0,
0x000002e9fe1a6740, 0x000002e9fe1a7460, 0x000002e9fe1a7af0, 0x000002e9807e0c70,
0x000002e9807e26b0, 0x000002e9807e2d40, 0x000002e9807e2020, 0x000002e9807e33d0,
0x000002e9807e40f0, 0x000002e9807e3a60, 0x000002e9807e4780, 0x000002e9807e1300,
0x000002e9807e61c0, 0x000002e9807e6850, 0x000002e9807e6ee0, 0x000002e9807e5b30,
0x000002e9807e7c00, 0x000002e9807e4e10, 0x000002e9807e7570, 0x000002e9807e8290,
0x000002e9807e54a0, 0x000002e981f90600, 0x000002e981f8dea0, 0x000002e981f8e530,
0x000002e981f8d810, 0x000002e981f8f250, 0x000002e981f8ebc0, 0x000002e981f8f8e0,
0x000002e981f8ff70, 0x000002e981f8d180, 0x000002e981f90c90, 0x000002e981f92d60,
0x000002e981f947a0, 0x000002e9ff8ebec0
}

Java Threads: ( => current thread )
  0x000002e9df5c5640 JavaThread "main"                              [_thread_blocked, id=22084, stack(0x000000ec43800000,0x000000ec43900000) (1024K)]
  0x000002e9f7dc30e0 JavaThread "Reference Handler"          daemon [_thread_blocked, id=30608, stack(0x000000ec44000000,0x000000ec44100000) (1024K)]
  0x000002e9f7dc86c0 JavaThread "Finalizer"                  daemon [_thread_blocked, id=27944, stack(0x000000ec44100000,0x000000ec44200000) (1024K)]
  0x000002e9f7dd43d0 JavaThread "Signal Dispatcher"          daemon [_thread_blocked, id=16980, stack(0x000000ec44200000,0x000000ec44300000) (1024K)]
  0x000002e9f7dd4e20 JavaThread "Attach Listener"            daemon [_thread_blocked, id=45860, stack(0x000000ec44300000,0x000000ec44400000) (1024K)]
  0x000002e9f7dded60 JavaThread "Service Thread"             daemon [_thread_blocked, id=9432, stack(0x000000ec44400000,0x000000ec44500000) (1024K)]
  0x000002e9f7ddff30 JavaThread "Monitor Deflation Thread"   daemon [_thread_blocked, id=45196, stack(0x000000ec44500000,0x000000ec44600000) (1024K)]
  0x000002e9f7de0cb0 JavaThread "C2 CompilerThread0"         daemon [_thread_in_native, id=39792, stack(0x000000ec44600000,0x000000ec44700000) (1024K)]
  0x000002e9f7deae30 JavaThread "C1 CompilerThread0"         daemon [_thread_blocked, id=42188, stack(0x000000ec44700000,0x000000ec44800000) (1024K)]
  0x000002e9f7e5b620 JavaThread "Common-Cleaner"             daemon [_thread_blocked, id=24836, stack(0x000000ec44800000,0x000000ec44900000) (1024K)]
  0x000002e9f821a9c0 JavaThread "Notification Thread"        daemon [_thread_blocked, id=4580, stack(0x000000ec44900000,0x000000ec44a00000) (1024K)]
  0x000002e9fdf06bb0 JavaThread "Daemon health stats"               [_thread_blocked, id=26788, stack(0x000000ec45000000,0x000000ec45100000) (1024K)]
  0x000002e9f83198c0 JavaThread "Incoming local TCP Connector on port 51919"        [_thread_in_native, id=45408, stack(0x000000ec45100000,0x000000ec45200000) (1024K)]
  0x000002e9fe0af130 JavaThread "Daemon periodic checks"            [_thread_blocked, id=43712, stack(0x000000ec44a00000,0x000000ec44b00000) (1024K)]
  0x000002e9fe38f7f0 JavaThread "Daemon"                            [_thread_blocked, id=25888, stack(0x000000ec45200000,0x000000ec45300000) (1024K)]
  0x000002e9fe1ee630 JavaThread "Handler for socket connection from /127.0.0.1:51919 to /127.0.0.1:51920"        [_thread_in_native, id=28080, stack(0x000000ec45300000,0x000000ec45400000) (1024K)]
  0x000002e9fe3dfb00 JavaThread "Cancel handler"                    [_thread_blocked, id=42944, stack(0x000000ec45400000,0x000000ec45500000) (1024K)]
  0x000002e9fe3cc9f0 JavaThread "Daemon worker"                     [_thread_in_Java, id=15524, stack(0x000000ec45500000,0x000000ec45600000) (1024K)]
  0x000002e9fe1549e0 JavaThread "Asynchronous log dispatcher for DefaultDaemonConnection: socket connection from /127.0.0.1:51919 to /127.0.0.1:51920"        [_thread_blocked, id=26044, stack(0x000000ec45700000,0x000000ec45800000) (1024K)]
  0x000002e9fe1a6dd0 JavaThread "Stdin handler"                     [_thread_blocked, id=33064, stack(0x000000ec45800000,0x000000ec45900000) (1024K)]
  0x000002e9fe1a5a20 JavaThread "Daemon client event forwarder"        [_thread_blocked, id=43880, stack(0x000000ec45900000,0x000000ec45a00000) (1024K)]
  0x000002e9fe1a4d00 JavaThread "Cache worker for journal cache (C:\Users\imaar\.gradle\caches\journal-1)"        [_thread_blocked, id=6700, stack(0x000000ec45c00000,0x000000ec45d00000) (1024K)]
  0x000002e9fe1a5390 JavaThread "File lock request listener"        [_thread_in_native, id=15068, stack(0x000000ec45d00000,0x000000ec45e00000) (1024K)]
  0x000002e9fe1a60b0 JavaThread "Cache worker for file hash cache (C:\Users\imaar\.gradle\caches\8.12\fileHashes)"        [_thread_blocked, id=22896, stack(0x000000ec45e00000,0x000000ec45f00000) (1024K)]
  0x000002e9fe1a6740 JavaThread "File lock release action executor"        [_thread_blocked, id=12812, stack(0x000000ec45f00000,0x000000ec46000000) (1024K)]
  0x000002e9fe1a7460 JavaThread "Cache worker for file hash cache (C:\Aidsense\Aidsense\android\.gradle\8.12\fileHashes)"        [_thread_blocked, id=18244, stack(0x000000ec46000000,0x000000ec46100000) (1024K)]
  0x000002e9fe1a7af0 JavaThread "Cache worker for Build Output Cleanup Cache (C:\Aidsense\Aidsense\android\.gradle\buildOutputCleanup)"        [_thread_blocked, id=22980, stack(0x000000ec46100000,0x000000ec46200000) (1024K)]
  0x000002e9807e0c70 JavaThread "File watcher server"        daemon [_thread_in_native, id=16684, stack(0x000000ec46200000,0x000000ec46300000) (1024K)]
  0x000002e9807e26b0 JavaThread "File watcher consumer"      daemon [_thread_blocked, id=4184, stack(0x000000ec46300000,0x000000ec46400000) (1024K)]
  0x000002e9807e2d40 JavaThread "Cache worker for checksums cache (C:\Aidsense\Aidsense\android\.gradle\8.12\checksums)"        [_thread_blocked, id=26628, stack(0x000000ec46400000,0x000000ec46500000) (1024K)]
  0x000002e9807e2020 JavaThread "Cache worker for file content cache (C:\Users\imaar\.gradle\caches\8.12\fileContent)"        [_thread_blocked, id=5040, stack(0x000000ec46500000,0x000000ec46600000) (1024K)]
  0x000002e9807e33d0 JavaThread "Cache worker for cache directory md-rule (C:\Users\imaar\.gradle\caches\8.12\md-rule)"        [_thread_blocked, id=33660, stack(0x000000ec46700000,0x000000ec46800000) (1024K)]
  0x000002e9807e40f0 JavaThread "Cache worker for cache directory md-supplier (C:\Users\imaar\.gradle\caches\8.12\md-supplier)"        [_thread_blocked, id=9368, stack(0x000000ec46800000,0x000000ec46900000) (1024K)]
  0x000002e9807e3a60 JavaThread "Cache worker for Build Output Cleanup Cache (C:\dev\flutter\packages\flutter_tools\gradle\.gradle\buildOutputCleanup)"        [_thread_blocked, id=18944, stack(0x000000ec46900000,0x000000ec46a00000) (1024K)]
  0x000002e9807e4780 JavaThread "Unconstrained build operations"        [_thread_blocked, id=35756, stack(0x000000ec46600000,0x000000ec46700000) (1024K)]
  0x000002e9807e1300 JavaThread "Unconstrained build operations Thread 2"        [_thread_blocked, id=40316, stack(0x000000ec46a00000,0x000000ec46b00000) (1024K)]
  0x000002e9807e61c0 JavaThread "Unconstrained build operations Thread 3"        [_thread_blocked, id=39724, stack(0x000000ec46b00000,0x000000ec46c00000) (1024K)]
  0x000002e9807e6850 JavaThread "Unconstrained build operations Thread 4"        [_thread_blocked, id=31700, stack(0x000000ec46c00000,0x000000ec46d00000) (1024K)]
  0x000002e9807e6ee0 JavaThread "Unconstrained build operations Thread 5"        [_thread_blocked, id=31580, stack(0x000000ec46d00000,0x000000ec46e00000) (1024K)]
  0x000002e9807e5b30 JavaThread "Unconstrained build operations Thread 6"        [_thread_blocked, id=18976, stack(0x000000ec46e00000,0x000000ec46f00000) (1024K)]
  0x000002e9807e7c00 JavaThread "Unconstrained build operations Thread 7"        [_thread_blocked, id=19548, stack(0x000000ec46f00000,0x000000ec47000000) (1024K)]
  0x000002e9807e4e10 JavaThread "Unconstrained build operations Thread 8"        [_thread_blocked, id=45452, stack(0x000000ec47100000,0x000000ec47200000) (1024K)]
  0x000002e9807e7570 JavaThread "Unconstrained build operations Thread 9"        [_thread_blocked, id=41456, stack(0x000000ec47200000,0x000000ec47300000) (1024K)]
  0x000002e9807e8290 JavaThread "Unconstrained build operations Thread 10"        [_thread_blocked, id=17972, stack(0x000000ec47300000,0x000000ec47400000) (1024K)]
  0x000002e9807e54a0 JavaThread "Unconstrained build operations Thread 11"        [_thread_blocked, id=3020, stack(0x000000ec47400000,0x000000ec47500000) (1024K)]
  0x000002e981f90600 JavaThread "Unconstrained build operations Thread 12"        [_thread_blocked, id=39004, stack(0x000000ec47500000,0x000000ec47600000) (1024K)]
  0x000002e981f8dea0 JavaThread "Unconstrained build operations Thread 13"        [_thread_blocked, id=12728, stack(0x000000ec47600000,0x000000ec47700000) (1024K)]
  0x000002e981f8e530 JavaThread "Unconstrained build operations Thread 14"        [_thread_blocked, id=24356, stack(0x000000ec47700000,0x000000ec47800000) (1024K)]
  0x000002e981f8d810 JavaThread "Unconstrained build operations Thread 15"        [_thread_blocked, id=30076, stack(0x000000ec47800000,0x000000ec47900000) (1024K)]
  0x000002e981f8f250 JavaThread "Unconstrained build operations Thread 16"        [_thread_blocked, id=4484, stack(0x000000ec47900000,0x000000ec47a00000) (1024K)]
  0x000002e981f8ebc0 JavaThread "Unconstrained build operations Thread 17"        [_thread_blocked, id=41104, stack(0x000000ec47a00000,0x000000ec47b00000) (1024K)]
  0x000002e981f8f8e0 JavaThread "Unconstrained build operations Thread 18"        [_thread_blocked, id=15436, stack(0x000000ec47b00000,0x000000ec47c00000) (1024K)]
  0x000002e981f8ff70 JavaThread "Unconstrained build operations Thread 19"        [_thread_blocked, id=19964, stack(0x000000ec47c00000,0x000000ec47d00000) (1024K)]
  0x000002e981f8d180 JavaThread "Unconstrained build operations Thread 20"        [_thread_blocked, id=31148, stack(0x000000ec47d00000,0x000000ec47e00000) (1024K)]
  0x000002e981f90c90 JavaThread "Unconstrained build operations Thread 21"        [_thread_blocked, id=29312, stack(0x000000ec47e00000,0x000000ec47f00000) (1024K)]
  0x000002e981f92d60 JavaThread "Memory manager"                    [_thread_blocked, id=42164, stack(0x000000ec43700000,0x000000ec43800000) (1024K)]
  0x000002e981f947a0 JavaThread "build event listener"              [_thread_blocked, id=34032, stack(0x000000ec47f00000,0x000000ec48000000) (1024K)]
=>0x000002e9ff8ebec0 JavaThread "C2 CompilerThread1"         daemon [_thread_in_native, id=42380, stack(0x000000ec47000000,0x000000ec47100000) (1024K)]
Total: 58

Other Threads:
  0x000002e9f7cc6b60 VMThread "VM Thread"                           [id=39968, stack(0x000000ec43f00000,0x000000ec44000000) (1024K)]
  0x000002e9f7c56340 WatcherThread "VM Periodic Task Thread"        [id=13508, stack(0x000000ec43e00000,0x000000ec43f00000) (1024K)]
  0x000002e9df61d9d0 WorkerThread "GC Thread#0"                     [id=4048, stack(0x000000ec43900000,0x000000ec43a00000) (1024K)]
  0x000002e9f83afc90 WorkerThread "GC Thread#1"                     [id=43876, stack(0x000000ec44b00000,0x000000ec44c00000) (1024K)]
  0x000002e9f883a050 WorkerThread "GC Thread#2"                     [id=29568, stack(0x000000ec44c00000,0x000000ec44d00000) (1024K)]
  0x000002e9f883a3f0 WorkerThread "GC Thread#3"                     [id=27800, stack(0x000000ec44d00000,0x000000ec44e00000) (1024K)]
  0x000002e9f883a790 WorkerThread "GC Thread#4"                     [id=17696, stack(0x000000ec44e00000,0x000000ec44f00000) (1024K)]
  0x000002e9f87869d0 WorkerThread "GC Thread#5"                     [id=32872, stack(0x000000ec44f00000,0x000000ec45000000) (1024K)]
  0x000002e9fe3cd0a0 WorkerThread "GC Thread#6"                     [id=11068, stack(0x000000ec45600000,0x000000ec45700000) (1024K)]
  0x000002e9fe3ce660 WorkerThread "GC Thread#7"                     [id=41736, stack(0x000000ec45a00000,0x000000ec45b00000) (1024K)]
  0x000002e9df62e8c0 ConcurrentGCThread "G1 Main Marker"            [id=34700, stack(0x000000ec43a00000,0x000000ec43b00000) (1024K)]
  0x000002e9df62f2d0 WorkerThread "G1 Conc#0"                       [id=36140, stack(0x000000ec43b00000,0x000000ec43c00000) (1024K)]
  0x000002e9fe3cdf20 WorkerThread "G1 Conc#1"                       [id=32196, stack(0x000000ec45b00000,0x000000ec45c00000) (1024K)]
  0x000002e9f7bab2e0 ConcurrentGCThread "G1 Refine#0"               [id=23936, stack(0x000000ec43c00000,0x000000ec43d00000) (1024K)]
  0x000002e9f7babc00 ConcurrentGCThread "G1 Service"                [id=13792, stack(0x000000ec43d00000,0x000000ec43e00000) (1024K)]
Total: 15

Threads with active compile tasks:
C2 CompilerThread0  44812 8003       4       org.objectweb.asm.Frame::execute (2303 bytes)
C2 CompilerThread1  44812 7927 %     4       org.gradle.internal.instantiation.generator.AbstractClassGenerator::inspectType @ 107 (560 bytes)
Total: 2

VM state: not at safepoint (normal execution)

VM Mutex/Monitor currently owned by a thread: None

Heap address: 0x0000000080000000, size: 2048 MB, Compressed Oops mode: 32-bit

CDS archive(s) not mapped
Compressed class space mapped at: 0x0000000100000000-0x0000000134000000, reserved size: 872415232
Narrow klass base: 0x0000000000000000, Narrow klass shift: 3, Narrow klass range: 0x134000000

GC Precious Log:
 CardTable entry size: 512
 Card Set container configuration: InlinePtr #cards 5 size 8 Array Of Cards #cards 12 size 40 Howl #buckets 4 coarsen threshold 1843 Howl Bitmap #cards 512 size 80 coarsen threshold 460 Card regions per heap region 1 cards per card region 2048
 CPUs: 8 total, 8 available
 Memory: 15970M
 Large Page Support: Disabled
 NUMA Support: Disabled
 Compressed Oops: Enabled (32-bit)
 Heap Region Size: 1M
 Heap Min Capacity: 8M
 Heap Initial Capacity: 250M
 Heap Max Capacity: 2G
 Pre-touch: Disabled
 Parallel Workers: 8
 Concurrent Workers: 2
 Concurrent Refinement Workers: 8
 Periodic GC: Disabled

Heap:
 garbage-first heap   total 104448K, used 71504K [0x0000000080000000, 0x0000000100000000)
  region size 1024K, 13 young (13312K), 2 survivors (2048K)
 Metaspace       used 78886K, committed 80768K, reserved 983040K
  class space    used 10929K, committed 11840K, reserved 851968K

Heap Regions: E=young(eden), S=young(survivor), O=old, HS=humongous(starts), HC=humongous(continues), CS=collection set, F=free, TAMS=top-at-mark-start, PB=parsable bottom
|   0|0x0000000080000000, 0x0000000080100000, 0x0000000080100000|100%| O|  |TAMS 0x0000000080000000| PB 0x0000000080000000| Untracked 
|   1|0x0000000080100000, 0x0000000080200000, 0x0000000080200000|100%|HS|  |TAMS 0x0000000080100000| PB 0x0000000080100000| Complete 
|   2|0x0000000080200000, 0x0000000080300000, 0x0000000080300000|100%|HC|  |TAMS 0x0000000080200000| PB 0x0000000080200000| Complete 
|   3|0x0000000080300000, 0x0000000080400000, 0x0000000080400000|100%|HC|  |TAMS 0x0000000080300000| PB 0x0000000080300000| Complete 
|   4|0x0000000080400000, 0x0000000080500000, 0x0000000080500000|100%| O|  |TAMS 0x0000000080400000| PB 0x0000000080400000| Untracked 
|   5|0x0000000080500000, 0x0000000080600000, 0x0000000080600000|100%| O|  |TAMS 0x0000000080500000| PB 0x0000000080500000| Untracked 
|   6|0x0000000080600000, 0x0000000080700000, 0x0000000080700000|100%| O|  |TAMS 0x0000000080600000| PB 0x0000000080600000| Untracked 
|   7|0x0000000080700000, 0x0000000080800000, 0x0000000080800000|100%| O|  |TAMS 0x0000000080700000| PB 0x0000000080700000| Untracked 
|   8|0x0000000080800000, 0x0000000080900000, 0x0000000080900000|100%|HS|  |TAMS 0x0000000080800000| PB 0x0000000080800000| Complete 
|   9|0x0000000080900000, 0x0000000080a00000, 0x0000000080a00000|100%| O|  |TAMS 0x0000000080900000| PB 0x0000000080900000| Untracked 
|  10|0x0000000080a00000, 0x0000000080b00000, 0x0000000080b00000|100%| O|  |TAMS 0x0000000080a00000| PB 0x0000000080a00000| Untracked 
|  11|0x0000000080b00000, 0x0000000080c00000, 0x0000000080c00000|100%| O|  |TAMS 0x0000000080b00000| PB 0x0000000080b00000| Untracked 
|  12|0x0000000080c00000, 0x0000000080d00000, 0x0000000080d00000|100%| O|  |TAMS 0x0000000080c00000| PB 0x0000000080c00000| Untracked 
|  13|0x0000000080d00000, 0x0000000080e00000, 0x0000000080e00000|100%| O|  |TAMS 0x0000000080d00000| PB 0x0000000080d00000| Untracked 
|  14|0x0000000080e00000, 0x0000000080f00000, 0x0000000080f00000|100%| O|  |TAMS 0x0000000080e00000| PB 0x0000000080e00000| Untracked 
|  15|0x0000000080f00000, 0x0000000081000000, 0x0000000081000000|100%| O|  |TAMS 0x0000000080f00000| PB 0x0000000080f00000| Untracked 
|  16|0x0000000081000000, 0x0000000081100000, 0x0000000081100000|100%| O|  |TAMS 0x0000000081000000| PB 0x0000000081000000| Untracked 
|  17|0x0000000081100000, 0x0000000081200000, 0x0000000081200000|100%| O|  |TAMS 0x0000000081100000| PB 0x0000000081100000| Untracked 
|  18|0x0000000081200000, 0x0000000081300000, 0x0000000081300000|100%| O|  |TAMS 0x0000000081200000| PB 0x0000000081200000| Untracked 
|  19|0x0000000081300000, 0x0000000081400000, 0x0000000081400000|100%| O|  |TAMS 0x0000000081300000| PB 0x0000000081300000| Untracked 
|  20|0x0000000081400000, 0x0000000081500000, 0x0000000081500000|100%| O|  |TAMS 0x0000000081400000| PB 0x0000000081400000| Untracked 
|  21|0x0000000081500000, 0x0000000081600000, 0x0000000081600000|100%| O|  |TAMS 0x0000000081500000| PB 0x0000000081500000| Untracked 
|  22|0x0000000081600000, 0x0000000081700000, 0x0000000081700000|100%| O|  |TAMS 0x0000000081600000| PB 0x0000000081600000| Untracked 
|  23|0x0000000081700000, 0x0000000081800000, 0x0000000081800000|100%| O|  |TAMS 0x0000000081700000| PB 0x0000000081700000| Untracked 
|  24|0x0000000081800000, 0x0000000081900000, 0x0000000081900000|100%| O|  |TAMS 0x0000000081800000| PB 0x0000000081800000| Untracked 
|  25|0x0000000081900000, 0x0000000081a00000, 0x0000000081a00000|100%| O|  |TAMS 0x0000000081900000| PB 0x0000000081900000| Untracked 
|  26|0x0000000081a00000, 0x0000000081b00000, 0x0000000081b00000|100%| O|  |TAMS 0x0000000081a00000| PB 0x0000000081a00000| Untracked 
|  27|0x0000000081b00000, 0x0000000081c00000, 0x0000000081c00000|100%| O|  |TAMS 0x0000000081b00000| PB 0x0000000081b00000| Untracked 
|  28|0x0000000081c00000, 0x0000000081d00000, 0x0000000081d00000|100%| O|  |TAMS 0x0000000081c00000| PB 0x0000000081c00000| Untracked 
|  29|0x0000000081d00000, 0x0000000081e00000, 0x0000000081e00000|100%| O|  |TAMS 0x0000000081d00000| PB 0x0000000081d00000| Untracked 
|  30|0x0000000081e00000, 0x0000000081f00000, 0x0000000081f00000|100%| O|  |TAMS 0x0000000081e00000| PB 0x0000000081e00000| Untracked 
|  31|0x0000000081f00000, 0x0000000082000000, 0x0000000082000000|100%| O|  |TAMS 0x0000000081f00000| PB 0x0000000081f00000| Untracked 
|  32|0x0000000082000000, 0x0000000082100000, 0x0000000082100000|100%| O|  |TAMS 0x0000000082000000| PB 0x0000000082000000| Untracked 
|  33|0x0000000082100000, 0x0000000082200000, 0x0000000082200000|100%| O|  |TAMS 0x0000000082100000| PB 0x0000000082100000| Untracked 
|  34|0x0000000082200000, 0x0000000082300000, 0x0000000082300000|100%| O|  |TAMS 0x0000000082200000| PB 0x0000000082200000| Untracked 
|  35|0x0000000082300000, 0x0000000082400000, 0x0000000082400000|100%| O|  |TAMS 0x0000000082300000| PB 0x0000000082300000| Untracked 
|  36|0x0000000082400000, 0x0000000082500000, 0x0000000082500000|100%| O|  |TAMS 0x0000000082400000| PB 0x0000000082400000| Untracked 
|  37|0x0000000082500000, 0x0000000082600000, 0x0000000082600000|100%| O|  |TAMS 0x0000000082500000| PB 0x0000000082500000| Untracked 
|  38|0x0000000082600000, 0x0000000082700000, 0x0000000082700000|100%| O|  |TAMS 0x0000000082600000| PB 0x0000000082600000| Untracked 
|  39|0x0000000082700000, 0x0000000082800000, 0x0000000082800000|100%| O|  |TAMS 0x0000000082700000| PB 0x0000000082700000| Untracked 
|  40|0x0000000082800000, 0x0000000082900000, 0x0000000082900000|100%| O|  |TAMS 0x0000000082800000| PB 0x0000000082800000| Untracked 
|  41|0x0000000082900000, 0x0000000082a00000, 0x0000000082a00000|100%| O|Cm|TAMS 0x0000000082900000| PB 0x0000000082900000| Complete 
|  42|0x0000000082a00000, 0x0000000082b00000, 0x0000000082b00000|100%| O|  |TAMS 0x0000000082a00000| PB 0x0000000082a00000| Untracked 
|  43|0x0000000082b00000, 0x0000000082c00000, 0x0000000082c00000|100%|HS|  |TAMS 0x0000000082b00000| PB 0x0000000082b00000| Complete 
|  44|0x0000000082c00000, 0x0000000082d00000, 0x0000000082d00000|100%|HC|  |TAMS 0x0000000082c00000| PB 0x0000000082c00000| Complete 
|  45|0x0000000082d00000, 0x0000000082e00000, 0x0000000082e00000|100%|HS|  |TAMS 0x0000000082d00000| PB 0x0000000082d00000| Complete 
|  46|0x0000000082e00000, 0x0000000082f00000, 0x0000000082f00000|100%|HC|  |TAMS 0x0000000082e00000| PB 0x0000000082e00000| Complete 
|  47|0x0000000082f00000, 0x0000000083000000, 0x0000000083000000|100%| O|  |TAMS 0x0000000082f00000| PB 0x0000000082f00000| Untracked 
|  48|0x0000000083000000, 0x0000000083100000, 0x0000000083100000|100%| O|  |TAMS 0x0000000083000000| PB 0x0000000083000000| Untracked 
|  49|0x0000000083100000, 0x0000000083200000, 0x0000000083200000|100%| O|Cm|TAMS 0x0000000083100000| PB 0x0000000083100000| Complete 
|  50|0x0000000083200000, 0x0000000083300000, 0x0000000083300000|100%|HS|  |TAMS 0x0000000083200000| PB 0x0000000083200000| Complete 
|  51|0x0000000083300000, 0x0000000083400000, 0x0000000083400000|100%|HC|  |TAMS 0x0000000083300000| PB 0x0000000083300000| Complete 
|  52|0x0000000083400000, 0x0000000083500000, 0x0000000083500000|100%|HC|  |TAMS 0x0000000083400000| PB 0x0000000083400000| Complete 
|  53|0x0000000083500000, 0x0000000083600000, 0x0000000083600000|100%| O|  |TAMS 0x0000000083500000| PB 0x0000000083500000| Untracked 
|  54|0x0000000083600000, 0x0000000083700000, 0x0000000083700000|100%| O|  |TAMS 0x0000000083600000| PB 0x0000000083600000| Untracked 
|  55|0x0000000083700000, 0x0000000083800000, 0x0000000083800000|100%|HS|  |TAMS 0x0000000083700000| PB 0x0000000083700000| Complete 
|  56|0x0000000083800000, 0x0000000083900000, 0x0000000083900000|100%|HC|  |TAMS 0x0000000083800000| PB 0x0000000083800000| Complete 
|  57|0x0000000083900000, 0x0000000083a00000, 0x0000000083a00000|100%|HC|  |TAMS 0x0000000083900000| PB 0x0000000083900000| Complete 
|  58|0x0000000083a00000, 0x0000000083b00000, 0x0000000083b00000|100%| O|  |TAMS 0x0000000083a00000| PB 0x0000000083a00000| Untracked 
|  59|0x0000000083b00000, 0x0000000083b7eaf0, 0x0000000083c00000| 49%| O|  |TAMS 0x0000000083b00000| PB 0x0000000083b00000| Untracked 
|  60|0x0000000083c00000, 0x0000000083c00000, 0x0000000083d00000|  0%| F|  |TAMS 0x0000000083c00000| PB 0x0000000083c00000| Untracked 
|  61|0x0000000083d00000, 0x0000000083d00000, 0x0000000083e00000|  0%| F|  |TAMS 0x0000000083d00000| PB 0x0000000083d00000| Untracked 
|  62|0x0000000083e00000, 0x0000000083e00000, 0x0000000083f00000|  0%| F|  |TAMS 0x0000000083e00000| PB 0x0000000083e00000| Untracked 
|  63|0x0000000083f00000, 0x0000000083f00000, 0x0000000084000000|  0%| F|  |TAMS 0x0000000083f00000| PB 0x0000000083f00000| Untracked 
|  64|0x0000000084000000, 0x0000000084000000, 0x0000000084100000|  0%| F|  |TAMS 0x0000000084000000| PB 0x0000000084000000| Untracked 
|  65|0x0000000084100000, 0x0000000084100000, 0x0000000084200000|  0%| F|  |TAMS 0x0000000084100000| PB 0x0000000084100000| Untracked 
|  66|0x0000000084200000, 0x0000000084200000, 0x0000000084300000|  0%| F|  |TAMS 0x0000000084200000| PB 0x0000000084200000| Untracked 
|  67|0x0000000084300000, 0x0000000084300000, 0x0000000084400000|  0%| F|  |TAMS 0x0000000084300000| PB 0x0000000084300000| Untracked 
|  68|0x0000000084400000, 0x0000000084400000, 0x0000000084500000|  0%| F|  |TAMS 0x0000000084400000| PB 0x0000000084400000| Untracked 
|  69|0x0000000084500000, 0x0000000084500000, 0x0000000084600000|  0%| F|  |TAMS 0x0000000084500000| PB 0x0000000084500000| Untracked 
|  70|0x0000000084600000, 0x0000000084600000, 0x0000000084700000|  0%| F|  |TAMS 0x0000000084600000| PB 0x0000000084600000| Untracked 
|  71|0x0000000084700000, 0x0000000084700000, 0x0000000084800000|  0%| F|  |TAMS 0x0000000084700000| PB 0x0000000084700000| Untracked 
|  72|0x0000000084800000, 0x0000000084800000, 0x0000000084900000|  0%| F|  |TAMS 0x0000000084800000| PB 0x0000000084800000| Untracked 
|  73|0x0000000084900000, 0x0000000084900000, 0x0000000084a00000|  0%| F|  |TAMS 0x0000000084900000| PB 0x0000000084900000| Untracked 
|  74|0x0000000084a00000, 0x0000000084a00000, 0x0000000084b00000|  0%| F|  |TAMS 0x0000000084a00000| PB 0x0000000084a00000| Untracked 
|  75|0x0000000084b00000, 0x0000000084b00000, 0x0000000084c00000|  0%| F|  |TAMS 0x0000000084b00000| PB 0x0000000084b00000| Untracked 
|  76|0x0000000084c00000, 0x0000000084c00000, 0x0000000084d00000|  0%| F|  |TAMS 0x0000000084c00000| PB 0x0000000084c00000| Untracked 
|  77|0x0000000084d00000, 0x0000000084d55690, 0x0000000084e00000| 33%| S|CS|TAMS 0x0000000084d00000| PB 0x0000000084d00000| Complete 
|  78|0x0000000084e00000, 0x0000000084f00000, 0x0000000084f00000|100%| S|CS|TAMS 0x0000000084e00000| PB 0x0000000084e00000| Complete 
|  79|0x0000000084f00000, 0x0000000084f00000, 0x0000000085000000|  0%| F|  |TAMS 0x0000000084f00000| PB 0x0000000084f00000| Untracked 
|  80|0x0000000085000000, 0x0000000085000000, 0x0000000085100000|  0%| F|  |TAMS 0x0000000085000000| PB 0x0000000085000000| Untracked 
|  81|0x0000000085100000, 0x0000000085100000, 0x0000000085200000|  0%| F|  |TAMS 0x0000000085100000| PB 0x0000000085100000| Untracked 
|  82|0x0000000085200000, 0x0000000085200000, 0x0000000085300000|  0%| F|  |TAMS 0x0000000085200000| PB 0x0000000085200000| Untracked 
|  83|0x0000000085300000, 0x0000000085300000, 0x0000000085400000|  0%| F|  |TAMS 0x0000000085300000| PB 0x0000000085300000| Untracked 
|  84|0x0000000085400000, 0x0000000085400000, 0x0000000085500000|  0%| F|  |TAMS 0x0000000085400000| PB 0x0000000085400000| Untracked 
|  85|0x0000000085500000, 0x0000000085500000, 0x0000000085600000|  0%| F|  |TAMS 0x0000000085500000| PB 0x0000000085500000| Untracked 
|  86|0x0000000085600000, 0x0000000085600000, 0x0000000085700000|  0%| F|  |TAMS 0x0000000085600000| PB 0x0000000085600000| Untracked 
|  87|0x0000000085700000, 0x0000000085700000, 0x0000000085800000|  0%| F|  |TAMS 0x0000000085700000| PB 0x0000000085700000| Untracked 
|  88|0x0000000085800000, 0x0000000085800000, 0x0000000085900000|  0%| F|  |TAMS 0x0000000085800000| PB 0x0000000085800000| Untracked 
|  89|0x0000000085900000, 0x0000000085900000, 0x0000000085a00000|  0%| F|  |TAMS 0x0000000085900000| PB 0x0000000085900000| Untracked 
|  90|0x0000000085a00000, 0x0000000085a00000, 0x0000000085b00000|  0%| F|  |TAMS 0x0000000085a00000| PB 0x0000000085a00000| Untracked 
|  91|0x0000000085b00000, 0x0000000085c00000, 0x0000000085c00000|100%| E|  |TAMS 0x0000000085b00000| PB 0x0000000085b00000| Complete 
|  92|0x0000000085c00000, 0x0000000085d00000, 0x0000000085d00000|100%| E|CS|TAMS 0x0000000085c00000| PB 0x0000000085c00000| Complete 
| 215|0x000000008d700000, 0x000000008d800000, 0x000000008d800000|100%| E|CS|TAMS 0x000000008d700000| PB 0x000000008d700000| Complete 
| 216|0x000000008d800000, 0x000000008d900000, 0x000000008d900000|100%| E|CS|TAMS 0x000000008d800000| PB 0x000000008d800000| Complete 
| 217|0x000000008d900000, 0x000000008da00000, 0x000000008da00000|100%| E|CS|TAMS 0x000000008d900000| PB 0x000000008d900000| Complete 
| 218|0x000000008da00000, 0x000000008db00000, 0x000000008db00000|100%| E|CS|TAMS 0x000000008da00000| PB 0x000000008da00000| Complete 
| 219|0x000000008db00000, 0x000000008dc00000, 0x000000008dc00000|100%| E|CS|TAMS 0x000000008db00000| PB 0x000000008db00000| Complete 
| 220|0x000000008dc00000, 0x000000008dd00000, 0x000000008dd00000|100%| E|CS|TAMS 0x000000008dc00000| PB 0x000000008dc00000| Complete 
| 221|0x000000008dd00000, 0x000000008de00000, 0x000000008de00000|100%| E|  |TAMS 0x000000008dd00000| PB 0x000000008dd00000| Complete 
| 222|0x000000008de00000, 0x000000008df00000, 0x000000008df00000|100%| E|CS|TAMS 0x000000008de00000| PB 0x000000008de00000| Complete 
| 249|0x000000008f900000, 0x000000008fa00000, 0x000000008fa00000|100%| E|CS|TAMS 0x000000008f900000| PB 0x000000008f900000| Complete 

Card table byte_map: [0x000002e9f2e40000,0x000002e9f3240000] _byte_map_base: 0x000002e9f2a40000

Marking Bits: (CMBitMap*) 0x000002e9df61dfe0
 Bits: [0x000002e9f3240000, 0x000002e9f5240000)

Polling page: 0x000002e9deb90000

Metaspace:

Usage:
  Non-class:     66.39 MB used.
      Class:     10.68 MB used.
       Both:     77.07 MB used.

Virtual space:
  Non-class space:      128.00 MB reserved,      67.31 MB ( 53%) committed,  2 nodes.
      Class space:      832.00 MB reserved,      11.56 MB (  1%) committed,  1 nodes.
             Both:      960.00 MB reserved,      78.88 MB (  8%) committed. 

Chunk freelists:
   Non-Class:  12.12 MB
       Class:  4.32 MB
        Both:  16.45 MB

MaxMetaspaceSize: 1.00 GB
CompressedClassSpaceSize: 832.00 MB
Initial GC threshold: 21.00 MB
Current GC threshold: 128.69 MB
CDS: off
 - commit_granule_bytes: 65536.
 - commit_granule_words: 8192.
 - virtual_space_node_default_size: 8388608.
 - enlarge_chunks_in_place: 1.
 - use_allocation_guard: 0.


Internal statistics:

num_allocs_failed_limit: 9.
num_arena_births: 3590.
num_arena_deaths: 0.
num_vsnodes_births: 3.
num_vsnodes_deaths: 0.
num_space_committed: 1263.
num_space_uncommitted: 0.
num_chunks_returned_to_freelist: 9.
num_chunks_taken_from_freelist: 6941.
num_chunk_merges: 9.
num_chunk_splits: 4491.
num_chunks_enlarged: 2755.
num_inconsistent_stats: 0.

CodeHeap 'non-profiled nmethods': size=128192Kb used=4036Kb max_used=4036Kb free=124155Kb
 bounds [0x000002e9ea9e0000, 0x000002e9eade0000, 0x000002e9f2710000]
CodeHeap 'profiled nmethods': size=128192Kb used=12346Kb max_used=12346Kb free=115845Kb
 bounds [0x000002e9e2710000, 0x000002e9e3320000, 0x000002e9ea440000]
CodeHeap 'non-nmethods': size=5760Kb used=2257Kb max_used=2297Kb free=3502Kb
 bounds [0x000002e9ea440000, 0x000002e9ea6b0000, 0x000002e9ea9e0000]
 total_blobs=7608 nmethods=6812 adapters=698
 compilation: enabled
              stopped_count=0, restarted_count=0
 full_count=0

Compilation events (20 events):
Event: 41.626 Thread 0x000002e9f7deae30 nmethod 7973 0x000002e9e330bc10 code [0x000002e9e330bf20, 0x000002e9e330cf18]
Event: 41.631 Thread 0x000002e9f7deae30 7974       1       java.lang.NamedPackage::packageName (5 bytes)
Event: 41.631 Thread 0x000002e9f7deae30 nmethod 7974 0x000002e9eadcd510 code [0x000002e9eadcd6a0, 0x000002e9eadcd768]
Event: 41.632 Thread 0x000002e9f7de0cb0 7975       4       sun.reflect.generics.parser.SignatureParser::parseFieldTypeSignature (73 bytes)
Event: 41.668 Thread 0x000002e9f7deae30 7977       1       com.google.common.collect.AbstractMapBasedMultimap::size (5 bytes)
Event: 41.668 Thread 0x000002e9f7deae30 nmethod 7977 0x000002e9eadcd810 code [0x000002e9eadcd9a0, 0x000002e9eadcda68]
Event: 41.689 Thread 0x000002e9f7deae30 7979       3       com.google.common.collect.AbstractListMultimap::put (7 bytes)
Event: 41.689 Thread 0x000002e9f7deae30 nmethod 7979 0x000002e9e2e44710 code [0x000002e9e2e448c0, 0x000002e9e2e44a00]
Event: 41.704 Thread 0x000002e9f7deae30 7980       3       org.gradle.model.internal.type.ClassTypeWrapper::<init> (31 bytes)
Event: 41.705 Thread 0x000002e9f7deae30 nmethod 7980 0x000002e9e330d510 code [0x000002e9e330d740, 0x000002e9e330df80]
Event: 41.706 Thread 0x000002e9f7deae30 7984       3       com.google.common.collect.Maps::immutableEntry (10 bytes)
Event: 41.706 Thread 0x000002e9f7deae30 nmethod 7984 0x000002e9e330e290 code [0x000002e9e330e440, 0x000002e9e330e750]
Event: 41.706 Thread 0x000002e9f7deae30 7985       1       org.gradle.internal.properties.annotations.NoOpPropertyAnnotationHandler::isPropertyRelevant (2 bytes)
Event: 41.706 Thread 0x000002e9f7deae30 nmethod 7985 0x000002e9eadcdb10 code [0x000002e9eadcdca0, 0x000002e9eadcdd68]
Event: 41.706 Thread 0x000002e9f7deae30 7983       1       org.gradle.internal.properties.annotations.AbstractAnnotationHandler::getAllowedModifiers (5 bytes)
Event: 41.706 Thread 0x000002e9f7deae30 nmethod 7983 0x000002e9eadcde10 code [0x000002e9eadcdfa0, 0x000002e9eadce068]
Event: 41.706 Thread 0x000002e9f7deae30 7981       3       org.gradle.model.internal.type.ClassTypeWrapper::effectiveClassOf (28 bytes)
Event: 41.707 Thread 0x000002e9f7deae30 nmethod 7981 0x000002e9e330e890 code [0x000002e9e330ea80, 0x000002e9e330ee20]
Event: 41.707 Thread 0x000002e9f7deae30 7982       1       org.gradle.internal.properties.annotations.AbstractAnnotationHandler::getAnnotationType (5 bytes)
Event: 41.707 Thread 0x000002e9f7deae30 nmethod 7982 0x000002e9eadce110 code [0x000002e9eadce2a0, 0x000002e9eadce368]

GC Heap History (20 events):
Event: 29.494 GC heap before
{Heap before GC invocations=17 (full 0):
 garbage-first heap   total 82944K, used 71275K [0x0000000080000000, 0x0000000100000000)
  region size 1024K, 33 young (33792K), 2 survivors (2048K)
 Metaspace       used 60147K, committed 61824K, reserved 917504K
  class space    used 8236K, committed 9088K, reserved 851968K
}
Event: 29.503 GC heap after
{Heap after GC invocations=18 (full 0):
 garbage-first heap   total 82944K, used 45018K [0x0000000080000000, 0x0000000100000000)
  region size 1024K, 5 young (5120K), 5 survivors (5120K)
 Metaspace       used 60147K, committed 61824K, reserved 917504K
  class space    used 8236K, committed 9088K, reserved 851968K
}
Event: 30.406 GC heap before
{Heap before GC invocations=18 (full 0):
 garbage-first heap   total 82944K, used 72666K [0x0000000080000000, 0x0000000100000000)
  region size 1024K, 32 young (32768K), 5 survivors (5120K)
 Metaspace       used 62703K, committed 64448K, reserved 917504K
  class space    used 8656K, committed 9536K, reserved 851968K
}
Event: 30.416 GC heap after
{Heap after GC invocations=19 (full 0):
 garbage-first heap   total 82944K, used 46065K [0x0000000080000000, 0x0000000100000000)
  region size 1024K, 3 young (3072K), 3 survivors (3072K)
 Metaspace       used 62703K, committed 64448K, reserved 917504K
  class space    used 8656K, committed 9536K, reserved 851968K
}
Event: 32.003 GC heap before
{Heap before GC invocations=19 (full 0):
 garbage-first heap   total 82944K, used 60401K [0x0000000080000000, 0x0000000100000000)
  region size 1024K, 18 young (18432K), 3 survivors (3072K)
 Metaspace       used 64091K, committed 65856K, reserved 917504K
  class space    used 8902K, committed 9792K, reserved 851968K
}
Event: 32.012 GC heap after
{Heap after GC invocations=20 (full 0):
 garbage-first heap   total 82944K, used 47019K [0x0000000080000000, 0x0000000100000000)
  region size 1024K, 2 young (2048K), 2 survivors (2048K)
 Metaspace       used 64091K, committed 65856K, reserved 917504K
  class space    used 8902K, committed 9792K, reserved 851968K
}
Event: 34.091 GC heap before
{Heap before GC invocations=21 (full 0):
 garbage-first heap   total 87040K, used 80811K [0x0000000080000000, 0x0000000100000000)
  region size 1024K, 28 young (28672K), 2 survivors (2048K)
 Metaspace       used 66975K, committed 68736K, reserved 917504K
  class space    used 9279K, committed 10176K, reserved 851968K
}
Event: 34.097 GC heap after
{Heap after GC invocations=22 (full 0):
 garbage-first heap   total 87040K, used 55657K [0x0000000080000000, 0x0000000100000000)
  region size 1024K, 3 young (3072K), 3 survivors (3072K)
 Metaspace       used 66975K, committed 68736K, reserved 917504K
  class space    used 9279K, committed 10176K, reserved 851968K
}
Event: 35.557 GC heap before
{Heap before GC invocations=22 (full 0):
 garbage-first heap   total 87040K, used 77161K [0x0000000080000000, 0x0000000100000000)
  region size 1024K, 25 young (25600K), 3 survivors (3072K)
 Metaspace       used 70055K, committed 71872K, reserved 917504K
  class space    used 9682K, committed 10560K, reserved 851968K
}
Event: 35.565 GC heap after
{Heap after GC invocations=23 (full 0):
 garbage-first heap   total 87040K, used 55649K [0x0000000080000000, 0x0000000100000000)
  region size 1024K, 3 young (3072K), 3 survivors (3072K)
 Metaspace       used 70055K, committed 71872K, reserved 917504K
  class space    used 9682K, committed 10560K, reserved 851968K
}
Event: 36.407 GC heap before
{Heap before GC invocations=23 (full 0):
 garbage-first heap   total 87040K, used 78177K [0x0000000080000000, 0x0000000100000000)
  region size 1024K, 25 young (25600K), 3 survivors (3072K)
 Metaspace       used 71994K, committed 73792K, reserved 917504K
  class space    used 9972K, committed 10880K, reserved 851968K
}
Event: 36.412 GC heap after
{Heap after GC invocations=24 (full 0):
 garbage-first heap   total 87040K, used 56814K [0x0000000080000000, 0x0000000100000000)
  region size 1024K, 2 young (2048K), 2 survivors (2048K)
 Metaspace       used 71994K, committed 73792K, reserved 917504K
  class space    used 9972K, committed 10880K, reserved 851968K
}
Event: 37.467 GC heap before
{Heap before GC invocations=25 (full 0):
 garbage-first heap   total 96256K, used 77294K [0x0000000080000000, 0x0000000100000000)
  region size 1024K, 23 young (23552K), 2 survivors (2048K)
 Metaspace       used 73644K, committed 75520K, reserved 917504K
  class space    used 10173K, committed 11072K, reserved 851968K
}
Event: 37.473 GC heap after
{Heap after GC invocations=26 (full 0):
 garbage-first heap   total 96256K, used 57970K [0x0000000080000000, 0x0000000100000000)
  region size 1024K, 3 young (3072K), 3 survivors (3072K)
 Metaspace       used 73644K, committed 75520K, reserved 917504K
  class space    used 10173K, committed 11072K, reserved 851968K
}
Event: 38.683 GC heap before
{Heap before GC invocations=26 (full 0):
 garbage-first heap   total 96256K, used 88690K [0x0000000080000000, 0x0000000100000000)
  region size 1024K, 30 young (30720K), 3 survivors (3072K)
 Metaspace       used 75411K, committed 77248K, reserved 983040K
  class space    used 10437K, committed 11328K, reserved 851968K
}
Event: 38.693 GC heap after
{Heap after GC invocations=27 (full 0):
 garbage-first heap   total 96256K, used 59363K [0x0000000080000000, 0x0000000100000000)
  region size 1024K, 4 young (4096K), 4 survivors (4096K)
 Metaspace       used 75411K, committed 77248K, reserved 983040K
  class space    used 10437K, committed 11328K, reserved 851968K
}
Event: 40.104 GC heap before
{Heap before GC invocations=27 (full 0):
 garbage-first heap   total 96256K, used 84963K [0x0000000080000000, 0x0000000100000000)
  region size 1024K, 29 young (29696K), 4 survivors (4096K)
 Metaspace       used 77161K, committed 79040K, reserved 983040K
  class space    used 10688K, committed 11584K, reserved 851968K
}
Event: 40.112 GC heap after
{Heap after GC invocations=28 (full 0):
 garbage-first heap   total 96256K, used 61843K [0x0000000080000000, 0x0000000100000000)
  region size 1024K, 4 young (4096K), 4 survivors (4096K)
 Metaspace       used 77161K, committed 79040K, reserved 983040K
  class space    used 10688K, committed 11584K, reserved 851968K
}
Event: 41.175 GC heap before
{Heap before GC invocations=29 (full 0):
 garbage-first heap   total 104448K, used 84371K [0x0000000080000000, 0x0000000100000000)
  region size 1024K, 27 young (27648K), 4 survivors (4096K)
 Metaspace       used 78183K, committed 80064K, reserved 983040K
  class space    used 10824K, committed 11776K, reserved 851968K
}
Event: 41.183 GC heap after
{Heap after GC invocations=30 (full 0):
 garbage-first heap   total 104448K, used 62288K [0x0000000080000000, 0x0000000100000000)
  region size 1024K, 2 young (2048K), 2 survivors (2048K)
 Metaspace       used 78183K, committed 80064K, reserved 983040K
  class space    used 10824K, committed 11776K, reserved 851968K
}

Dll operation events (3 events):
Event: 0.054 Loaded shared library C:\Users\imaar\Downloads\android-studio-2025.1.2.12-windows\android-studio\jbr\bin\java.dll
Event: 0.082 Loaded shared library C:\Users\imaar\Downloads\android-studio-2025.1.2.12-windows\android-studio\jbr\bin\zip.dll
Event: 3.028 Loaded shared library C:\Users\imaar\Downloads\android-studio-2025.1.2.12-windows\android-studio\jbr\bin\verify.dll

Deoptimization events (20 events):
Event: 40.621 Thread 0x000002e9fe3cc9f0 Uncommon trap: trap_request=0xffffffde fr.pc=0x000002e9eab2f370 relative=0x0000000000002270
Event: 40.621 Thread 0x000002e9fe3cc9f0 Uncommon trap: reason=class_check action=maybe_recompile pc=0x000002e9eab2f370 method=java.net.URLClassLoader.defineClass(Ljava/lang/String;Ljdk/internal/loader/Resource;)Ljava/lang/Class; @ 34 c2
Event: 40.621 Thread 0x000002e9fe3cc9f0 DEOPT PACKING pc=0x000002e9eab2f370 sp=0x000000ec455f5be0
Event: 40.621 Thread 0x000002e9fe3cc9f0 DEOPT UNPACKING pc=0x000002e9ea497da2 sp=0x000000ec455f5be8 mode 2
Event: 40.708 Thread 0x000002e9fe3cc9f0 Uncommon trap: trap_request=0xffffff45 fr.pc=0x000002e9eac7888c relative=0x000000000000090c
Event: 40.708 Thread 0x000002e9fe3cc9f0 Uncommon trap: reason=unstable_if action=reinterpret pc=0x000002e9eac7888c method=org.objectweb.asm.Frame.execute(IILorg/objectweb/asm/Symbol;Lorg/objectweb/asm/SymbolTable;)V @ 1 c2
Event: 40.708 Thread 0x000002e9fe3cc9f0 DEOPT PACKING pc=0x000002e9eac7888c sp=0x000000ec455f4e30
Event: 40.708 Thread 0x000002e9fe3cc9f0 DEOPT UNPACKING pc=0x000002e9ea497da2 sp=0x000000ec455f4db8 mode 2
Event: 40.786 Thread 0x000002e9fe3cc9f0 Uncommon trap: trap_request=0xffffffcc fr.pc=0x000002e9eabd8028 relative=0x0000000000000268
Event: 40.786 Thread 0x000002e9fe3cc9f0 Uncommon trap: reason=intrinsic_or_type_checked_inlining action=make_not_entrant pc=0x000002e9eabd8028 method=java.util.ArrayList.toArray([Ljava/lang/Object;)[Ljava/lang/Object; @ 36 c2
Event: 40.786 Thread 0x000002e9fe3cc9f0 DEOPT PACKING pc=0x000002e9eabd8028 sp=0x000000ec455f4360
Event: 40.786 Thread 0x000002e9fe3cc9f0 DEOPT UNPACKING pc=0x000002e9ea497da2 sp=0x000000ec455f4330 mode 2
Event: 41.413 Thread 0x000002e9fe3cc9f0 Uncommon trap: trap_request=0xfffffff4 fr.pc=0x000002e9eadc6994 relative=0x0000000000000074
Event: 41.413 Thread 0x000002e9fe3cc9f0 Uncommon trap: reason=null_check action=make_not_entrant pc=0x000002e9eadc6994 method=java.lang.Class.isAnnotation()Z @ 1 c2
Event: 41.413 Thread 0x000002e9fe3cc9f0 DEOPT PACKING pc=0x000002e9eadc6994 sp=0x000000ec455f4ca0
Event: 41.413 Thread 0x000002e9fe3cc9f0 DEOPT UNPACKING pc=0x000002e9ea497da2 sp=0x000000ec455f4c30 mode 2
Event: 41.571 Thread 0x000002e9fe3cc9f0 Uncommon trap: trap_request=0xffffff45 fr.pc=0x000002e9eab5fae4 relative=0x00000000000004a4
Event: 41.571 Thread 0x000002e9fe3cc9f0 Uncommon trap: reason=unstable_if action=reinterpret pc=0x000002e9eab5fae4 method=sun.reflect.annotation.AnnotationInvocationHandler.invoke(Ljava/lang/Object;Ljava/lang/reflect/Method;[Ljava/lang/Object;)Ljava/lang/Object; @ 15 c2
Event: 41.571 Thread 0x000002e9fe3cc9f0 DEOPT PACKING pc=0x000002e9eab5fae4 sp=0x000000ec455f5180
Event: 41.571 Thread 0x000002e9fe3cc9f0 DEOPT UNPACKING pc=0x000002e9ea497da2 sp=0x000000ec455f5128 mode 2

Classes loaded (20 events):
Event: 41.355 Loading class java/util/concurrent/ConcurrentSkipListMap$KeySet
Event: 41.357 Loading class java/util/concurrent/ConcurrentSkipListMap$KeySet done
Event: 41.358 Loading class java/util/concurrent/ConcurrentSkipListMap$KeyIterator
Event: 41.358 Loading class java/util/concurrent/ConcurrentSkipListMap$KeyIterator done
Event: 41.358 Loading class java/net/InetAddress$NameServiceAddresses
Event: 41.359 Loading class java/net/InetAddress$Addresses
Event: 41.359 Loading class java/net/InetAddress$Addresses done
Event: 41.359 Loading class java/net/InetAddress$NameServiceAddresses done
Event: 41.359 Loading class java/net/spi/InetAddressResolverProvider
Event: 41.361 Loading class java/net/spi/InetAddressResolverProvider done
Event: 41.400 Loading class sun/net/InetAddressCachePolicy
Event: 41.400 Loading class sun/net/InetAddressCachePolicy done
Event: 41.401 Loading class sun/net/InetAddressCachePolicy$1
Event: 41.401 Loading class sun/net/InetAddressCachePolicy$1 done
Event: 41.402 Loading class java/net/InetAddress$CachedLookup
Event: 41.403 Loading class java/net/InetAddress$CachedLookup done
Event: 41.403 Loading class java/net/InetAddress$CachedLocalHost
Event: 41.404 Loading class java/net/InetAddress$CachedLocalHost done
Event: 41.571 Loading class sun/reflect/annotation/AnnotationInvocationHandler$1
Event: 41.572 Loading class sun/reflect/annotation/AnnotationInvocationHandler$1 done

Classes unloaded (0 events):
No events

Classes redefined (0 events):
No events

Internal exceptions (20 events):
Event: 36.080 Thread 0x000002e9fe3cc9f0 Implicit null exception at 0x000002e9eaa7bc5f to 0x000002e9eaa7c11c
Event: 38.234 Thread 0x000002e9fe3cc9f0 Exception <a 'java/lang/NoSuchMethodError'{0x0000000084ae7ad8}: static Lorg/jetbrains/kotlin/gradle/plugin/internal/DefaultIdeaSyncDetector$createIdeaPropertiesEvaluator$1;.<clinit>()V> (0x0000000084ae7ad8) 
thrown [s\src\hotspot\share\prims\jni.cpp, line 1139]
Event: 38.662 Thread 0x000002e9fe3cc9f0 Exception <a 'java/lang/ClassNotFoundException'{0x000000008407c088}: sun/misc/SharedSecrets> (0x000000008407c088) 
thrown [s\src\hotspot\share\classfile\systemDictionary.cpp, line 312]
Event: 38.662 Thread 0x000002e9fe3cc9f0 Exception <a 'java/lang/ClassNotFoundException'{0x000000008407e138}: groovy/lang/Closure$1BeanInfo> (0x000000008407e138) 
thrown [s\src\hotspot\share\classfile\systemDictionary.cpp, line 312]
Event: 38.667 Thread 0x000002e9fe3cc9f0 Exception <a 'java/lang/ClassNotFoundException'{0x000000008409b9d8}: groovy/lang/ClosureBeanInfo> (0x000000008409b9d8) 
thrown [s\src\hotspot\share\classfile\systemDictionary.cpp, line 312]
Event: 38.670 Thread 0x000002e9fe3cc9f0 Exception <a 'java/lang/ClassNotFoundException'{0x00000000840b8780}: groovy/lang/ClosureCustomizer> (0x00000000840b8780) 
thrown [s\src\hotspot\share\classfile\systemDictionary.cpp, line 312]
Event: 38.682 Thread 0x000002e9fe3cc9f0 Exception <a 'java/lang/ClassNotFoundException'{0x00000000840fb5b0}: groovy/lang/Closure$1Customizer> (0x00000000840fb5b0) 
thrown [s\src\hotspot\share\classfile\systemDictionary.cpp, line 312]
Event: 38.734 Thread 0x000002e9fe3cc9f0 Exception <a 'java/lang/ClassNotFoundException'{0x000000008f981d80}: org/jetbrains/kotlin/gradle/targets/js/npm/DefaultNpmDependencyExtensionBeanInfo> (0x000000008f981d80) 
thrown [s\src\hotspot\share\classfile\systemDictionary.cpp, line 312]
Event: 38.736 Thread 0x000002e9fe3cc9f0 Exception <a 'java/lang/ClassNotFoundException'{0x000000008f990bc0}: org/jetbrains/kotlin/gradle/targets/js/npm/DefaultNpmDependencyExtensionCustomizer> (0x000000008f990bc0) 
thrown [s\src\hotspot\share\classfile\systemDictionary.cpp, line 312]
Event: 38.760 Thread 0x000002e9fe3cc9f0 Exception <a 'java/lang/ClassNotFoundException'{0x000000008de378c8}: org/jetbrains/kotlin/gradle/targets/js/npm/NpmDependencyExtensionKt$defaultNpmDependencyDelegate$1BeanInfo> (0x000000008de378c8) 
thrown [s\src\hotspot\share\classfile\systemDictionary.cpp, line 312]
Event: 38.772 Thread 0x000002e9fe3cc9f0 Exception <a 'java/lang/ClassNotFoundException'{0x000000008de469f8}: org/jetbrains/kotlin/gradle/targets/js/npm/NpmDependencyExtensionDelegateBeanInfo> (0x000000008de469f8) 
thrown [s\src\hotspot\share\classfile\systemDictionary.cpp, line 312]
Event: 38.781 Thread 0x000002e9fe3cc9f0 Exception <a 'java/lang/ClassNotFoundException'{0x000000008de55848}: org/jetbrains/kotlin/gradle/targets/js/npm/NpmDependencyExtensionDelegateCustomizer> (0x000000008de55848) 
thrown [s\src\hotspot\share\classfile\systemDictionary.cpp, line 312]
Event: 38.796 Thread 0x000002e9fe3cc9f0 Exception <a 'java/lang/ClassNotFoundException'{0x000000008de8fe60}: org/jetbrains/kotlin/gradle/targets/js/npm/NpmDependencyExtensionKt$defaultNpmDependencyDelegate$1Customizer> (0x000000008de8fe60) 
thrown [s\src\hotspot\share\classfile\systemDictionary.cpp, line 312]
Event: 38.813 Thread 0x000002e9fe3cc9f0 Exception <a 'java/lang/ClassNotFoundException'{0x000000008dedc0f8}: org/jetbrains/kotlin/gradle/targets/js/npm/DefaultDevNpmDependencyExtensionBeanInfo> (0x000000008dedc0f8) 
thrown [s\src\hotspot\share\classfile\systemDictionary.cpp, line 312]
Event: 38.815 Thread 0x000002e9fe3cc9f0 Exception <a 'java/lang/ClassNotFoundException'{0x000000008deeaf50}: org/jetbrains/kotlin/gradle/targets/js/npm/DefaultDevNpmDependencyExtensionCustomizer> (0x000000008deeaf50) 
thrown [s\src\hotspot\share\classfile\systemDictionary.cpp, line 312]
Event: 38.835 Thread 0x000002e9fe3cc9f0 Exception <a 'java/lang/ClassNotFoundException'{0x000000008dd415d0}: org/jetbrains/kotlin/gradle/targets/js/npm/DefaultPeerNpmDependencyExtensionBeanInfo> (0x000000008dd415d0) 
thrown [s\src\hotspot\share\classfile\systemDictionary.cpp, line 312]
Event: 38.840 Thread 0x000002e9fe3cc9f0 Exception <a 'java/lang/ClassNotFoundException'{0x000000008dd50430}: org/jetbrains/kotlin/gradle/targets/js/npm/DefaultPeerNpmDependencyExtensionCustomizer> (0x000000008dd50430) 
thrown [s\src\hotspot\share\classfile\systemDictionary.cpp, line 312]
Event: 38.853 Thread 0x000002e9fe3cc9f0 Exception <a 'java/lang/ClassNotFoundException'{0x000000008ddb4b48}: org/jetbrains/kotlin/gradle/targets/js/npm/DefaultPeerNpmDependencyExtension$delegate$1BeanInfo> (0x000000008ddb4b48) 
thrown [s\src\hotspot\share\classfile\systemDictionary.cpp, line 312]
Event: 38.854 Thread 0x000002e9fe3cc9f0 Exception <a 'java/lang/ClassNotFoundException'{0x000000008ddc3a98}: org/jetbrains/kotlin/gradle/targets/js/npm/DefaultPeerNpmDependencyExtension$delegate$1Customizer> (0x000000008ddc3a98) 
thrown [s\src\hotspot\share\classfile\systemDictionary.cpp, line 312]
Event: 39.671 Thread 0x000002e9fe3cc9f0 Exception <a 'java/lang/NoSuchMethodError'{0x0000000084edfc10}: 'int java.lang.invoke.DirectMethodHandle$Holder.invokeSpecialIFC(java.lang.Object, java.lang.Object, java.lang.Object, java.lang.Object, java.lang.Object)'> (0x0000000084edfc10) 
thrown [s\src\hotspot\share\interpreter\linkResolver.cpp, line 784]

ZGC Phase Switch (0 events):
No events

VM Operations (20 events):
Event: 37.467 Executing VM operation: G1CollectForAllocation (G1 Evacuation Pause)
Event: 37.473 Executing VM operation: G1CollectForAllocation (G1 Evacuation Pause) done
Event: 38.474 Executing VM operation: Cleanup
Event: 38.475 Executing VM operation: Cleanup done
Event: 38.682 Executing VM operation: G1CollectForAllocation (G1 Evacuation Pause)
Event: 38.693 Executing VM operation: G1CollectForAllocation (G1 Evacuation Pause) done
Event: 39.705 Executing VM operation: Cleanup
Event: 39.721 Executing VM operation: Cleanup done
Event: 40.104 Executing VM operation: G1CollectForAllocation (G1 Evacuation Pause)
Event: 40.112 Executing VM operation: G1CollectForAllocation (G1 Evacuation Pause) done
Event: 40.205 Executing VM operation: G1PauseRemark
Event: 40.210 Executing VM operation: G1PauseRemark done
Event: 40.260 Executing VM operation: G1PauseCleanup
Event: 40.260 Executing VM operation: G1PauseCleanup done
Event: 40.898 Executing VM operation: HandshakeAllThreads (Deoptimize)
Event: 40.898 Executing VM operation: HandshakeAllThreads (Deoptimize) done
Event: 41.174 Executing VM operation: G1CollectForAllocation (G1 Evacuation Pause)
Event: 41.183 Executing VM operation: G1CollectForAllocation (G1 Evacuation Pause) done
Event: 42.186 Executing VM operation: Cleanup
Event: 42.186 Executing VM operation: Cleanup done

Memory protections (0 events):
No events

Nmethod flushes (20 events):
Event: 40.209 Thread 0x000002e9f7cc6b60 flushing  nmethod 0x000002e9e2d45e90
Event: 40.209 Thread 0x000002e9f7cc6b60 flushing  nmethod 0x000002e9e2d93090
Event: 40.209 Thread 0x000002e9f7cc6b60 flushing osr nmethod 0x000002e9e31b2e10
Event: 40.209 Thread 0x000002e9f7cc6b60 flushing  nmethod 0x000002e9eaa98610
Event: 40.209 Thread 0x000002e9f7cc6b60 flushing  nmethod 0x000002e9e2868810
Event: 40.209 Thread 0x000002e9f7cc6b60 flushing  nmethod 0x000002e9e2930c10
Event: 40.209 Thread 0x000002e9f7cc6b60 flushing  nmethod 0x000002e9e2d8f090
Event: 40.209 Thread 0x000002e9f7cc6b60 flushing  nmethod 0x000002e9e2e07d10
Event: 40.209 Thread 0x000002e9f7cc6b60 flushing  nmethod 0x000002e9eaa3df90
Event: 40.209 Thread 0x000002e9f7cc6b60 flushing  nmethod 0x000002e9eac55710
Event: 40.209 Thread 0x000002e9f7cc6b60 flushing  nmethod 0x000002e9e28c5190
Event: 40.209 Thread 0x000002e9f7cc6b60 flushing  nmethod 0x000002e9e28c5b90
Event: 40.209 Thread 0x000002e9f7cc6b60 flushing  nmethod 0x000002e9e2a9b190
Event: 40.209 Thread 0x000002e9f7cc6b60 flushing  nmethod 0x000002e9e2a9b590
Event: 40.209 Thread 0x000002e9f7cc6b60 flushing  nmethod 0x000002e9e285b410
Event: 40.209 Thread 0x000002e9f7cc6b60 flushing  nmethod 0x000002e9e2ac6f10
Event: 40.209 Thread 0x000002e9f7cc6b60 flushing  nmethod 0x000002e9e2ce6f10
Event: 40.209 Thread 0x000002e9f7cc6b60 flushing  nmethod 0x000002e9e30bbb90
Event: 40.209 Thread 0x000002e9f7cc6b60 flushing  nmethod 0x000002e9e30bc990
Event: 40.209 Thread 0x000002e9f7cc6b60 flushing  nmethod 0x000002e9e30bdd90

Events (20 events):
Event: 29.252 Thread 0x000002e9fe3cc9f0 Thread added: 0x000002e981f8f250
Event: 29.253 Thread 0x000002e9fe3cc9f0 Thread added: 0x000002e981f8ebc0
Event: 29.256 Thread 0x000002e9fe3cc9f0 Thread added: 0x000002e981f8f8e0
Event: 29.258 Thread 0x000002e9fe3cc9f0 Thread added: 0x000002e981f8ff70
Event: 29.261 Thread 0x000002e9fe3cc9f0 Thread added: 0x000002e981f8d180
Event: 29.263 Thread 0x000002e9fe3cc9f0 Thread added: 0x000002e981f90c90
Event: 29.534 Thread 0x000002e9f7deae30 Thread added: 0x000002e9fe328150
Event: 30.147 Thread 0x000002e9fe3cc9f0 Thread added: 0x000002e981f92d60
Event: 30.608 Thread 0x000002e9fe328150 Thread exited: 0x000002e9fe328150
Event: 31.323 Thread 0x000002e9fe327a80 Thread exited: 0x000002e9fe327a80
Event: 31.832 Thread 0x000002e9f7deae30 Thread added: 0x000002e9fe329c90
Event: 31.977 Thread 0x000002e9fe329c90 Thread exited: 0x000002e9fe329c90
Event: 35.627 Thread 0x000002e9f7deae30 Thread added: 0x000002e9fe32aa30
Event: 35.923 Thread 0x000002e9fe3cc9f0 Thread added: 0x000002e981f947a0
Event: 36.082 Thread 0x000002e9fe32aa30 Thread exited: 0x000002e9fe32aa30
Event: 36.610 Thread 0x000002e9f7deae30 Thread added: 0x000002e9fe328150
Event: 37.067 Thread 0x000002e9fe328150 Thread exited: 0x000002e9fe328150
Event: 38.361 Thread 0x000002e9f7de0cb0 Thread added: 0x000002e9ff8eaa50
Event: 40.263 Thread 0x000002e9ff8eaa50 Thread exited: 0x000002e9ff8eaa50
Event: 40.446 Thread 0x000002e9f7deae30 Thread added: 0x000002e9ff8ebec0


Dynamic libraries:
0x00007ff6a6870000 - 0x00007ff6a687a000 	C:\Users\imaar\Downloads\android-studio-2025.1.2.12-windows\android-studio\jbr\bin\java.exe
0x00007ffde5c60000 - 0x00007ffde5ec8000 	C:\WINDOWS\SYSTEM32\ntdll.dll
0x00007ffdb9120000 - 0x00007ffdb9140000 	C:\Program Files\Norton\Suite\aswhook.dll
0x00007ffde3e80000 - 0x00007ffde3f49000 	C:\WINDOWS\System32\KERNEL32.DLL
0x00007ffde2f40000 - 0x00007ffde3332000 	C:\WINDOWS\System32\KERNELBASE.dll
0x00007ffde2df0000 - 0x00007ffde2f3b000 	C:\WINDOWS\System32\ucrtbase.dll
0x00007ffdb7480000 - 0x00007ffdb7498000 	C:\Users\imaar\Downloads\android-studio-2025.1.2.12-windows\android-studio\jbr\bin\jli.dll
0x00007ffde3c10000 - 0x00007ffde3dd5000 	C:\WINDOWS\System32\USER32.dll
0x00007ffde3a00000 - 0x00007ffde3a27000 	C:\WINDOWS\System32\win32u.dll
0x00007ffde5510000 - 0x00007ffde553b000 	C:\WINDOWS\System32\GDI32.dll
0x00007ffde3580000 - 0x00007ffde36ad000 	C:\WINDOWS\System32\gdi32full.dll
0x00007ffde3750000 - 0x00007ffde37f3000 	C:\WINDOWS\System32\msvcp_win.dll
0x00007ffdd0bc0000 - 0x00007ffdd0bdb000 	C:\Users\imaar\Downloads\android-studio-2025.1.2.12-windows\android-studio\jbr\bin\VCRUNTIME140.dll
0x00007ffdb6670000 - 0x00007ffdb6903000 	C:\WINDOWS\WinSxS\amd64_microsoft.windows.common-controls_6595b64144ccf1df_6.0.26100.6899_none_3e0efeeae32e88c1\COMCTL32.dll
0x00007ffde5460000 - 0x00007ffde5509000 	C:\WINDOWS\System32\msvcrt.dll
0x00007ffde4ad0000 - 0x00007ffde4aff000 	C:\WINDOWS\System32\IMM32.DLL
0x00007ffdd0bb0000 - 0x00007ffdd0bbc000 	C:\Users\imaar\Downloads\android-studio-2025.1.2.12-windows\android-studio\jbr\bin\vcruntime140_1.dll
0x00007ffd98d80000 - 0x00007ffd98e0d000 	C:\Users\imaar\Downloads\android-studio-2025.1.2.12-windows\android-studio\jbr\bin\msvcp140.dll
0x00007ffd6e3b0000 - 0x00007ffd6f03b000 	C:\Users\imaar\Downloads\android-studio-2025.1.2.12-windows\android-studio\jbr\bin\server\jvm.dll
0x00007ffde56c0000 - 0x00007ffde5774000 	C:\WINDOWS\System32\ADVAPI32.dll
0x00007ffde4b10000 - 0x00007ffde4bb6000 	C:\WINDOWS\System32\sechost.dll
0x00007ffde3f50000 - 0x00007ffde4068000 	C:\WINDOWS\System32\RPCRT4.dll
0x00007ffde3a30000 - 0x00007ffde3aa4000 	C:\WINDOWS\System32\WS2_32.dll
0x00007ffde2c50000 - 0x00007ffde2cae000 	C:\WINDOWS\SYSTEM32\POWRPROF.dll
0x00007ffddba80000 - 0x00007ffddbab5000 	C:\WINDOWS\SYSTEM32\WINMM.dll
0x00007ffdcf9e0000 - 0x00007ffdcf9eb000 	C:\WINDOWS\SYSTEM32\VERSION.dll
0x00007ffde2c30000 - 0x00007ffde2c44000 	C:\WINDOWS\SYSTEM32\UMPDC.dll
0x00007ffde1bc0000 - 0x00007ffde1bdb000 	C:\WINDOWS\SYSTEM32\kernel.appcore.dll
0x00007ffdd0850000 - 0x00007ffdd085a000 	C:\Users\imaar\Downloads\android-studio-2025.1.2.12-windows\android-studio\jbr\bin\jimage.dll
0x00007ffde0580000 - 0x00007ffde07c2000 	C:\WINDOWS\SYSTEM32\DBGHELP.DLL
0x00007ffde4c50000 - 0x00007ffde4fcb000 	C:\WINDOWS\System32\combase.dll
0x00007ffde49a0000 - 0x00007ffde4a77000 	C:\WINDOWS\System32\OLEAUT32.dll
0x00007ffdcf280000 - 0x00007ffdcf2bc000 	C:\WINDOWS\SYSTEM32\dbgcore.DLL
0x00007ffde36b0000 - 0x00007ffde3748000 	C:\WINDOWS\System32\bcryptPrimitives.dll
0x00007ffdc33f0000 - 0x00007ffdc33fe000 	C:\Users\imaar\Downloads\android-studio-2025.1.2.12-windows\android-studio\jbr\bin\instrument.dll
0x00007ffdcfa10000 - 0x00007ffdcfa30000 	C:\Users\imaar\Downloads\android-studio-2025.1.2.12-windows\android-studio\jbr\bin\java.dll
0x00007ffdcece0000 - 0x00007ffdcecf8000 	C:\Users\imaar\Downloads\android-studio-2025.1.2.12-windows\android-studio\jbr\bin\zip.dll
0x00007ffde4070000 - 0x00007ffde47bd000 	C:\WINDOWS\System32\SHELL32.dll
0x00007ffde3890000 - 0x00007ffde39fb000 	C:\WINDOWS\System32\wintypes.dll
0x00007ffde0a20000 - 0x00007ffde127d000 	C:\WINDOWS\SYSTEM32\windows.storage.dll
0x00007ffde52b0000 - 0x00007ffde53a2000 	C:\WINDOWS\System32\SHCORE.dll
0x00007ffde53b0000 - 0x00007ffde5412000 	C:\WINDOWS\System32\shlwapi.dll
0x00007ffde2d10000 - 0x00007ffde2d39000 	C:\WINDOWS\SYSTEM32\profapi.dll
0x00007ffdcd810000 - 0x00007ffdcd820000 	C:\Users\imaar\Downloads\android-studio-2025.1.2.12-windows\android-studio\jbr\bin\net.dll
0x00007ffdd5c20000 - 0x00007ffdd5d3f000 	C:\WINDOWS\SYSTEM32\WINHTTP.dll
0x00007ffde2130000 - 0x00007ffde219b000 	C:\WINDOWS\system32\mswsock.dll
0x00007ffdc9280000 - 0x00007ffdc9296000 	C:\Users\imaar\Downloads\android-studio-2025.1.2.12-windows\android-studio\jbr\bin\nio.dll
0x00007ffdc33e0000 - 0x00007ffdc33f0000 	C:\Users\imaar\Downloads\android-studio-2025.1.2.12-windows\android-studio\jbr\bin\verify.dll
0x00007ffda7420000 - 0x00007ffda7447000 	C:\Users\imaar\.gradle\native\1def1411415f61bf3af743bc5b6707747c0891f09f0c88961ee8f79bc544acac\windows-amd64\native-platform.dll
0x0000000061510000 - 0x0000000061583000 	C:\Users\imaar\.gradle\native\0.2.5\x86_64-windows-gnu\gradle-fileevents.dll
0x00007ffdc7550000 - 0x00007ffdc7559000 	C:\Users\imaar\Downloads\android-studio-2025.1.2.12-windows\android-studio\jbr\bin\management.dll
0x00007ffdc7540000 - 0x00007ffdc754b000 	C:\Users\imaar\Downloads\android-studio-2025.1.2.12-windows\android-studio\jbr\bin\management_ext.dll
0x00007ffde5420000 - 0x00007ffde5428000 	C:\WINDOWS\System32\PSAPI.DLL
0x00007ffde23e0000 - 0x00007ffde23fb000 	C:\WINDOWS\SYSTEM32\CRYPTSP.dll
0x00007ffde1b20000 - 0x00007ffde1b5b000 	C:\WINDOWS\system32\rsaenh.dll
0x00007ffde21d0000 - 0x00007ffde21fb000 	C:\WINDOWS\SYSTEM32\USERENV.dll
0x00007ffde2ce0000 - 0x00007ffde2d06000 	C:\WINDOWS\SYSTEM32\bcrypt.dll
0x00007ffde2400000 - 0x00007ffde240c000 	C:\WINDOWS\SYSTEM32\CRYPTBASE.dll
0x00007ffde16f0000 - 0x00007ffde1724000 	C:\WINDOWS\SYSTEM32\IPHLPAPI.DLL
0x00007ffde5c10000 - 0x00007ffde5c1a000 	C:\WINDOWS\System32\NSI.dll
0x00007ffdcd440000 - 0x00007ffdcd449000 	C:\Users\imaar\Downloads\android-studio-2025.1.2.12-windows\android-studio\jbr\bin\extnet.dll
0x00007ffd0f6d0000 - 0x00007ffd0f6d8000 	C:\WINDOWS\system32\wshunix.dll
0x0000000061410000 - 0x0000000061483000 	C:\Users\imaar\AppData\Local\Temp\native-platform14790577053523137180dir\gradle-fileevents.dll
0x00007ffdba740000 - 0x00007ffdba758000 	C:\WINDOWS\system32\napinsp.dll
0x00007ffde1730000 - 0x00007ffde1856000 	C:\WINDOWS\SYSTEM32\DNSAPI.dll
0x00007ffdba720000 - 0x00007ffdba732000 	C:\WINDOWS\System32\winrnr.dll
0x00007ffdba6f0000 - 0x00007ffdba718000 	C:\WINDOWS\system32\nlansp_c.dll
0x00007ffdd4720000 - 0x00007ffdd4736000 	C:\WINDOWS\system32\wshbth.dll
0x00007ffdd54a0000 - 0x00007ffdd54ab000 	C:\Windows\System32\rasadhlp.dll
0x00007ffddc260000 - 0x00007ffddc2e6000 	C:\WINDOWS\System32\fwpuclnt.dll

dbghelp: loaded successfully - version: 4.0.5 - missing functions: none
symbol engine: initialized successfully - sym options: 0x614 - pdb path: .;C:\Users\imaar\Downloads\android-studio-2025.1.2.12-windows\android-studio\jbr\bin;C:\WINDOWS\SYSTEM32;C:\Program Files\Norton\Suite;C:\WINDOWS\WinSxS\amd64_microsoft.windows.common-controls_6595b64144ccf1df_6.0.26100.6899_none_3e0efeeae32e88c1;C:\Users\imaar\Downloads\android-studio-2025.1.2.12-windows\android-studio\jbr\bin\server;C:\Users\imaar\.gradle\native\1def1411415f61bf3af743bc5b6707747c0891f09f0c88961ee8f79bc544acac\windows-amd64;C:\Users\imaar\.gradle\native\0.2.5\x86_64-windows-gnu;C:\Users\imaar\AppData\Local\Temp\native-platform14790577053523137180dir

VM Arguments:
jvm_args: --add-opens=java.base/java.lang=ALL-UNNAMED --add-opens=java.base/java.lang.invoke=ALL-UNNAMED --add-opens=java.base/java.util=ALL-UNNAMED --add-opens=java.prefs/java.util.prefs=ALL-UNNAMED --add-exports=jdk.compiler/com.sun.tools.javac.api=ALL-UNNAMED --add-exports=jdk.compiler/com.sun.tools.javac.util=ALL-UNNAMED --add-opens=java.base/java.util=ALL-UNNAMED --add-opens=java.prefs/java.util.prefs=ALL-UNNAMED --add-opens=java.base/java.nio.charset=ALL-UNNAMED --add-opens=java.base/java.net=ALL-UNNAMED --add-opens=java.base/java.util.concurrent.atomic=ALL-UNNAMED --add-opens=java.xml/javax.xml.namespace=ALL-UNNAMED -XX:MaxMetaspaceSize=1G -XX:ReservedCodeCacheSize=256m -XX:+HeapDumpOnOutOfMemoryError -Xmx2G -Dfile.encoding=UTF-8 -Duser.country=US -Duser.language=en -Duser.variant -javaagent:C:\Users\imaar\.gradle\wrapper\dists\gradle-8.12-all\ejduaidbjup3bmmkhw3rie4zb\gradle-8.12\lib\agents\gradle-instrumentation-agent-8.12.jar 
java_command: org.gradle.launcher.daemon.bootstrap.GradleDaemon 8.12
java_class_path (initial): C:\Users\imaar\.gradle\wrapper\dists\gradle-8.12-all\ejduaidbjup3bmmkhw3rie4zb\gradle-8.12\lib\gradle-daemon-main-8.12.jar
Launcher Type: SUN_STANDARD

[Global flags]
     intx CICompilerCount                          = 4                                         {product} {ergonomic}
   size_t CompressedClassSpaceSize                 = 872415232                                 {product} {ergonomic}
     uint ConcGCThreads                            = 2                                         {product} {ergonomic}
     uint G1ConcRefinementThreads                  = 8                                         {product} {ergonomic}
   size_t G1HeapRegionSize                         = 1048576                                   {product} {ergonomic}
    uintx GCDrainStackTargetSize                   = 64                                        {product} {ergonomic}
     bool HeapDumpOnOutOfMemoryError               = true                                   {manageable} {command line}
   size_t InitialHeapSize                          = 262144000                                 {product} {ergonomic}
   size_t MarkStackSize                            = 4194304                                   {product} {ergonomic}
   size_t MaxHeapSize                              = 2147483648                                {product} {command line}
   size_t MaxMetaspaceSize                         = 1073741824                                {product} {command line}
   size_t MaxNewSize                               = 1287651328                                {product} {ergonomic}
   size_t MinHeapDeltaBytes                        = 1048576                                   {product} {ergonomic}
   size_t MinHeapSize                              = 8388608                                   {product} {ergonomic}
    uintx NonNMethodCodeHeapSize                   = 5839372                                {pd product} {ergonomic}
    uintx NonProfiledCodeHeapSize                  = 131298042                              {pd product} {ergonomic}
    uintx ProfiledCodeHeapSize                     = 131298042                              {pd product} {ergonomic}
    uintx ReservedCodeCacheSize                    = 268435456                              {pd product} {command line}
     bool SegmentedCodeCache                       = true                                      {product} {ergonomic}
   size_t SoftMaxHeapSize                          = 2147483648                             {manageable} {ergonomic}
     bool UseCompressedOops                        = true                           {product lp64_product} {ergonomic}
     bool UseG1GC                                  = true                                      {product} {ergonomic}
     bool UseLargePagesIndividualAllocation        = false                                  {pd product} {ergonomic}

Logging:
Log output configuration:
 #0: stdout all=warning uptime,level,tags foldmultilines=false
 #1: stderr all=off uptime,level,tags foldmultilines=false

Environment Variables:
JAVA_HOME=C:\Users\imaar\Downloads\android-studio-2025.1.2.12-windows\android-studio\jbr
CLASSPATH=C:\Aidsense\Aidsense\android\\gradle\wrapper\gradle-wrapper.jar
PATH=C:\Users\imaar\Downloads\android-studio-2025.1.2.12-windows\android-studio\jbr\bin;C:\Program Files\Common Files\Oracle\Java\javapath;C:\WINDOWS\system32;C:\WINDOWS;C:\WINDOWS\System32\Wbem;C:\WINDOWS\System32\WindowsPowerShell\v1.0\;C:\WINDOWS\System32\OpenSSH\;C:\Users\imaar\AppData\Local\Programs\Python\Launcher\;C:\Node_JS\node-v22.19.0-win-x64;C:\dev\flutter\bin;C:\Users\imaar\AppData\Local\Microsoft\WindowsApps;C:\Users\imaar\AppData\Local\Programs\cursor\resources\app\bin;C:\Users\imaar\AppData\Local\Programs\Microsoft VS Code\bin;C:\Users\imaar\AppData\Local\Programs\Git\cmd;C:\mingw64\bin;C:\Users\imaar\AppData\Local\Programs\Windsurf\bin;C:\dev\flutter\bin\mingit\cmd
USERNAME=imaar
TERM=dumb
OS=Windows_NT
PROCESSOR_IDENTIFIER=Intel64 Family 6 Model 126 Stepping 5, GenuineIntel
TMP=C:\Users\imaar\AppData\Local\Temp
TEMP=C:\Users\imaar\AppData\Local\Temp




Periodic native trim disabled

JNI global refs:
JNI global refs: 32, weak refs: 1

JNI global refs memory usage: 835, weak refs: 833

Process memory usage:
Resident Set Size: 325812K (1% of 16353316K total physical memory with 664748K free physical memory)

OOME stack traces (most recent first):
Classloader memory used:
Loader org.gradle.internal.classloader.VisitableURLClassLoader                         : 35938K
Loader bootstrap                                                                       : 25141K
Loader org.gradle.initialization.MixInLegacyTypesClassLoader                           : 11427K
Loader org.gradle.internal.classloader.VisitableURLClassLoader$InstrumentingVisitableURLClassLoader: 5596K
Loader jdk.internal.loader.ClassLoaders$PlatformClassLoader                            : 500K
Loader jdk.internal.loader.ClassLoaders$AppClassLoader                                 : 232K
Loader jdk.internal.reflect.DelegatingClassLoader                                      : 92760B
Loader org.gradle.internal.classloader.VisitableURLClassLoader                         : 92736B

Classes loaded by more than one classloader:
Class Program                                                                         : loaded 4 times (x 68B)
Class org.gradle.internal.classloader.ClassLoaderHierarchy                            : loaded 2 times (x 66B)
Class org.gradle.api.internal.classpath.ManifestUtil                                  : loaded 2 times (x 67B)
Class org.gradle.internal.classloader.DefaultClassLoaderFactory                       : loaded 2 times (x 78B)
Class org.gradle.internal.classloader.ClassLoaderVisitor                              : loaded 2 times (x 72B)
Class org.gradle.api.internal.classpath.EffectiveClassPath                            : loaded 2 times (x 86B)
Class org.gradle.api.internal.DefaultClassPathProvider                                : loaded 2 times (x 72B)
Class [Lorg.gradle.api.internal.ClassPathProvider;                                    : loaded 2 times (x 65B)
Class org.gradle.api.internal.ClassPathProvider                                       : loaded 2 times (x 66B)
Class org.gradle.internal.service.UnknownServiceException                             : loaded 2 times (x 79B)
Class org.gradle.internal.classpath.TransformedClassPath                              : loaded 2 times (x 92B)
Class org.gradle.internal.classloader.InstrumentingClassLoader                        : loaded 2 times (x 66B)
Class org.gradle.internal.service.ServiceLocator                                      : loaded 2 times (x 66B)
Class org.gradle.internal.InternalTransformer                                         : loaded 2 times (x 66B)
Class org.gradle.internal.classloader.ClasspathUtil$1                                 : loaded 2 times (x 72B)
Class org.gradle.api.internal.classpath.DefaultModuleRegistry$DefaultModule           : loaded 2 times (x 82B)
Class org.gradle.api.internal.classpath.Module                                        : loaded 2 times (x 66B)
Class org.gradle.api.internal.classpath.UnknownModuleException                        : loaded 2 times (x 78B)
Class org.gradle.api.internal.DefaultClassPathRegistry                                : loaded 2 times (x 72B)
Class org.gradle.api.internal.ClassPathRegistry                                       : loaded 2 times (x 66B)
Class org.gradle.internal.classpath.DefaultClassPath$ImmutableUniqueList              : loaded 2 times (x 195B)
Class org.gradle.internal.classloader.FilteringClassLoader                            : loaded 2 times (x 101B)
Class Settings_gradle$1                                                               : loaded 2 times (x 70B)
Class org.gradle.internal.classpath.ClassPath                                         : loaded 2 times (x 66B)
Class org.gradle.api.UncheckedIOException                                             : loaded 2 times (x 78B)
Class org.gradle.internal.installation.GradleInstallation$1                           : loaded 2 times (x 71B)
Class org.gradle.api.internal.classpath.ModuleRegistry                                : loaded 2 times (x 66B)
Class org.gradle.api.internal.classpath.DefaultModuleRegistry                         : loaded 2 times (x 82B)
Class org.gradle.internal.service.ServiceLookupException                              : loaded 2 times (x 78B)
Class org.gradle.internal.classloader.ClassLoaderFactory                              : loaded 2 times (x 66B)
Class org.gradle.internal.service.CachingServiceLocator                               : loaded 2 times (x 78B)
Class org.gradle.internal.classloader.ClasspathUtil                                   : loaded 2 times (x 67B)
Class org.gradle.api.specs.Spec                                                       : loaded 2 times (x 66B)
Class Build_gradle$1                                                                  : loaded 2 times (x 74B)
Class org.gradle.internal.classloader.VisitableURLClassLoader$InstrumentingVisitableURLClassLoader: loaded 2 times (x 119B)
Class org.gradle.internal.classloader.VisitableURLClassLoader$Spec                    : loaded 2 times (x 70B)
Class org.gradle.internal.classpath.DefaultClassPath                                  : loaded 2 times (x 86B)
Class org.gradle.internal.classloader.ClassLoaderSpec                                 : loaded 2 times (x 67B)
Class Settings_gradle$1$1                                                             : loaded 2 times (x 70B)
Class org.gradle.internal.classloader.VisitableURLClassLoader                         : loaded 2 times (x 113B)
Class Settings_gradle                                                                 : loaded 2 times (x 124B)
Class org.gradle.internal.Cast                                                        : loaded 2 times (x 67B)
Class org.gradle.api.Action                                                           : loaded 2 times (x 66B)
Class org.gradle.internal.classpath.DefaultClassPath$ImmutableUniqueList$Builder      : loaded 2 times (x 71B)
Class org.gradle.api.GradleException                                                  : loaded 2 times (x 78B)
Class org.gradle.internal.IoActions                                                   : loaded 2 times (x 67B)
Class org.gradle.internal.classloader.SystemClassLoaderSpec                           : loaded 2 times (x 67B)
Class org.gradle.api.internal.classpath.GlobalCacheRootsProvider                      : loaded 2 times (x 66B)
Class Build_gradle                                                                    : loaded 2 times (x 126B)
Class org.gradle.internal.installation.CurrentGradleInstallationLocator               : loaded 2 times (x 67B)
Class org.gradle.internal.service.DefaultServiceLocator                               : loaded 2 times (x 79B)
Class org.gradle.internal.installation.CurrentGradleInstallation                      : loaded 2 times (x 69B)
Class org.gradle.util.internal.GUtil                                                  : loaded 2 times (x 67B)
Class org.gradle.internal.installation.GradleInstallation                             : loaded 2 times (x 71B)

---------------  S Y S T E M  ---------------

OS:
 Windows 11 , 64 bit Build 26100 (10.0.26100.6725)
OS uptime: 4 days 2:20 hours
Hyper-V role detected

CPU: total 8 (initial active 8) (4 cores per cpu, 2 threads per core) family 6 model 126 stepping 5 microcode 0xc6, cx8, cmov, fxsr, ht, mmx, 3dnowpref, sse, sse2, sse3, ssse3, sse4.1, sse4.2, popcnt, lzcnt, tsc, tscinvbit, avx, avx2, aes, erms, clmul, bmi1, bmi2, adx, avx512f, avx512dq, avx512cd, avx512bw, avx512vl, sha, fma, vzeroupper, avx512_vpopcntdq, avx512_vpclmulqdq, avx512_vaes, avx512_vnni, clflush, clflushopt, avx512_vbmi2, avx512_vbmi, hv, rdtscp, rdpid, fsrm, gfni, avx512_bitalg, f16c, avx512_ifma
Processor Information for the first 8 processors :
  Max Mhz: 1498, Current Mhz: 1298, Mhz Limit: 1288

Memory: 4k page, system-wide physical 15970M (655M free)
TotalPageFile size 46299M (AvailPageFile size 20M)
current process WorkingSet (physical memory assigned to process): 319M, peak: 320M
current process commit charge ("private bytes"): 352M, peak: 376M

vm_info: OpenJDK 64-Bit Server VM (21.0.6+-13391695-b895.109) for windows-amd64 JRE (21.0.6+-13391695-b895.109), built on 2025-04-22T21:19:17Z by "builder" with MS VC++ 16.10 / 16.11 (VS2019)

END.
